<?xml version="1.0" encoding="UTF-8"?>
<!-- Generated by org.testng.reporters.JUnitXMLReporter -->
<testsuite hostname="DESKTOP-SRI8GR7" ignored="0" name="Pixel_2" tests="1" failures="1" timestamp="2023-05-27T13:53:09 IST" time="60.119" errors="0">
  <testcase name="f" time="39.841" classname="tests.LoginTest">
    <failure type="io.appium.java_client.NoSuchContextException" message="An unknown server-side error occurred while processing the command. Original error: A new session could not be created. Details: session not created: This version of ChromeDriver only supports Chrome version 113
Current browser version is 105.0.5195.136 with package name com.androidsample.generalstore
Build info: version: &amp;apos;3.141.59&amp;apos;, revision: &amp;apos;e82be7d358&amp;apos;, time: &amp;apos;2018-11-14T08:17:03&amp;apos;
System info: host: &amp;apos;DESKTOP-SRI8GR7&amp;apos;, ip: &amp;apos;192.168.0.110&amp;apos;, os.name: &amp;apos;Windows 10&amp;apos;, os.arch: &amp;apos;amd64&amp;apos;, os.version: &amp;apos;10.0&amp;apos;, java.version: &amp;apos;1.8.0_351&amp;apos;
Driver info: io.appium.java_client.android.AndroidDriver
Capabilities {app: C:\Users\Lenovo\eclipse-wor..., appActivity: com.androidsample.generalst..., appPackage: com.androidsample.generalstore, automationName: UiAutomator2, chromeDriverPort: 11000, chromedriverExecutable: C:\Users\Lenovo\eclipse-wor..., databaseEnabled: false, desired: {app: C:\Users\Lenovo\eclipse-wor..., appActivity: com.androidsample.generalst..., appPackage: com.androidsample.generalstore, automationName: UiAutomator2, chromeDriverPort: 11000, chromedriverExecutable: C:\Users\Lenovo\eclipse-wor..., deviceName: OnePlus 9 pro, noReset: true, platformName: android, systemPort: 10000, udid: RZ8N71N5TZB}, deviceApiLevel: 31, deviceManufacturer: samsung, deviceModel: SM-M315F, deviceName: RZ8N71N5TZB, deviceScreenDensity: 420, deviceScreenSize: 1080x2340, deviceUDID: RZ8N71N5TZB, javascriptEnabled: true, locationContextEnabled: false, networkConnectionEnabled: true, noReset: true, pixelRatio: 2.625, platform: LINUX, platformName: Android, platformVersion: 12, statBarHeight: 78, systemPort: 10000, takesScreenshot: true, udid: RZ8N71N5TZB, viewportRect: {height: 2053, left: 0, top: 78, width: 1080}, warnings: {}, webStorageEnabled: false}
Session ID: 4dd54b6d-42bc-4089-823d-8b2e8625fd55">
      <![CDATA[io.appium.java_client.NoSuchContextException: An unknown server-side error occurred while processing the command. Original error: A new session could not be created. Details: session not created: This version of ChromeDriver only supports Chrome version 113
Current browser version is 105.0.5195.136 with package name com.androidsample.generalstore
Build info: version: '3.141.59', revision: 'e82be7d358', time: '2018-11-14T08:17:03'
System info: host: 'DESKTOP-SRI8GR7', ip: '192.168.0.110', os.name: 'Windows 10', os.arch: 'amd64', os.version: '10.0', java.version: '1.8.0_351'
Driver info: io.appium.java_client.android.AndroidDriver
Capabilities {app: C:\Users\Lenovo\eclipse-wor..., appActivity: com.androidsample.generalst..., appPackage: com.androidsample.generalstore, automationName: UiAutomator2, chromeDriverPort: 11000, chromedriverExecutable: C:\Users\Lenovo\eclipse-wor..., databaseEnabled: false, desired: {app: C:\Users\Lenovo\eclipse-wor..., appActivity: com.androidsample.generalst..., appPackage: com.androidsample.generalstore, automationName: UiAutomator2, chromeDriverPort: 11000, chromedriverExecutable: C:\Users\Lenovo\eclipse-wor..., deviceName: OnePlus 9 pro, noReset: true, platformName: android, systemPort: 10000, udid: RZ8N71N5TZB}, deviceApiLevel: 31, deviceManufacturer: samsung, deviceModel: SM-M315F, deviceName: RZ8N71N5TZB, deviceScreenDensity: 420, deviceScreenSize: 1080x2340, deviceUDID: RZ8N71N5TZB, javascriptEnabled: true, locationContextEnabled: false, networkConnectionEnabled: true, noReset: true, pixelRatio: 2.625, platform: LINUX, platformName: Android, platformVersion: 12, statBarHeight: 78, systemPort: 10000, takesScreenshot: true, udid: RZ8N71N5TZB, viewportRect: {height: 2053, left: 0, top: 78, width: 1080}, warnings: {}, webStorageEnabled: false}
Session ID: 4dd54b6d-42bc-4089-823d-8b2e8625fd55
at io.appium.java_client.AppiumDriver.context(AppiumDriver.java:232)
at tests.LoginTest.f(LoginTest.java:81)
at java.util.ArrayList.forEach(Unknown Source)
at java.util.concurrent.FutureTask.run(Unknown Source)
at java.util.concurrent.ThreadPoolExecutor.runWorker(Unknown Source)
at java.util.concurrent.ThreadPoolExecutor$Worker.run(Unknown Source)
at java.lang.Thread.run(Unknown Source)
Caused by: org.openqa.selenium.WebDriverException: An unknown server-side error occurred while processing the command. Original error: A new session could not be created. Details: session not created: This version of ChromeDriver only supports Chrome version 113
Current browser version is 105.0.5195.136 with package name com.androidsample.generalstore
Build info: version: '3.141.59', revision: 'e82be7d358', time: '2018-11-14T08:17:03'
System info: host: 'DESKTOP-SRI8GR7', ip: '192.168.0.110', os.name: 'Windows 10', os.arch: 'amd64', os.version: '10.0', java.version: '1.8.0_351'
Driver info: io.appium.java_client.android.AndroidDriver
Capabilities {app: C:\Users\Lenovo\eclipse-wor..., appActivity: com.androidsample.generalst..., appPackage: com.androidsample.generalstore, automationName: UiAutomator2, chromeDriverPort: 11000, chromedriverExecutable: C:\Users\Lenovo\eclipse-wor..., databaseEnabled: false, desired: {app: C:\Users\Lenovo\eclipse-wor..., appActivity: com.androidsample.generalst..., appPackage: com.androidsample.generalstore, automationName: UiAutomator2, chromeDriverPort: 11000, chromedriverExecutable: C:\Users\Lenovo\eclipse-wor..., deviceName: OnePlus 9 pro, noReset: true, platformName: android, systemPort: 10000, udid: RZ8N71N5TZB}, deviceApiLevel: 31, deviceManufacturer: samsung, deviceModel: SM-M315F, deviceName: RZ8N71N5TZB, deviceScreenDensity: 420, deviceScreenSize: 1080x2340, deviceUDID: RZ8N71N5TZB, javascriptEnabled: true, locationContextEnabled: false, networkConnectionEnabled: true, noReset: true, pixelRatio: 2.625, platform: LINUX, platformName: Android, platformVersion: 12, statBarHeight: 78, systemPort: 10000, takesScreenshot: true, udid: RZ8N71N5TZB, viewportRect: {height: 2053, left: 0, top: 78, width: 1080}, warnings: {}, webStorageEnabled: false}
Session ID: 4dd54b6d-42bc-4089-823d-8b2e8625fd55
at org.openqa.selenium.remote.http.W3CHttpResponseCodec.createException(W3CHttpResponseCodec.java:187)
at org.openqa.selenium.remote.http.W3CHttpResponseCodec.decode(W3CHttpResponseCodec.java:122)
at org.openqa.selenium.remote.http.W3CHttpResponseCodec.decode(W3CHttpResponseCodec.java:49)
at org.openqa.selenium.remote.HttpCommandExecutor.execute(HttpCommandExecutor.java:158)
at io.appium.java_client.remote.AppiumCommandExecutor.execute(AppiumCommandExecutor.java:250)
at org.openqa.selenium.remote.RemoteWebDriver.execute(RemoteWebDriver.java:552)
at io.appium.java_client.DefaultGenericMobileDriver.execute(DefaultGenericMobileDriver.java:41)
at io.appium.java_client.AppiumDriver.execute(AppiumDriver.java:1)
at io.appium.java_client.android.AndroidDriver.execute(AndroidDriver.java:1)
at io.appium.java_client.AppiumDriver.context(AppiumDriver.java:229)
... 24 more
... Removed 22 stack frames]]>
    </failure>
  </testcase> <!-- f -->
</testsuite> <!-- Pixel_2 -->
