<?xml version="1.0" encoding="UTF-8"?>
<testsuite xmlns:xsi="http://www.w3.org/2001/XMLSchema-instance" xsi:noNamespaceSchemaLocation="https://maven.apache.org/surefire/maven-surefire-plugin/xsd/surefire-test-report-3.0.xsd" version="3.0" name="TestSuite" time="282.952" tests="4" errors="0" skipped="0" failures="2">
  <properties>
[...]
</properties>
  <testcase name="VerifyProductPurchase[Test, Brazil, Female, PG 3, Nike SFB Jungle, General Store](1)" classname="tests.GeneralStoreTest" time="73.746">
    <system-out><![CDATA[Appium server already running
appUrl isC:\Users\Lenovo\eclipse-workspace\GeneralStoreMobile\src\test\resources\app\General-Store.apk
Appium server already running
appUrl isC:\Users\Lenovo\eclipse-workspace\GeneralStoreMobile\src\test\resources\app\General-Store.apk
driver initialized: io.appium.java_client.android.AndroidDriver, Capabilities: {app=C:\Users\Lenovo\eclipse-workspace\GeneralStoreMobile\src\test\resources\app\General-Store.apk, appActivity=com.androidsample.generalstore.SplashActivity, appPackage=com.androidsample.generalstore, automationName=UiAutomator2, chromedriverExecutable=C:\Users\Lenovo\eclipse-workspace\GeneralStoreMobile\src\test\resources\executable\chromedriver.exe, databaseEnabled=false, desired={platformName=android, app=C:\Users\Lenovo\eclipse-workspace\GeneralStoreMobile\src\test\resources\app\General-Store.apk, appActivity=com.androidsample.generalstore.SplashActivity, appPackage=com.androidsample.generalstore, automationName=UiAutomator2, chromedriverExecutable=C:\Users\Lenovo\eclipse-workspace\GeneralStoreMobile\src\test\resources\executable\chromedriver.exe, deviceName=Samsung M31, fullReset=true, udid=RZ8N71N5TZB}, deviceApiLevel=31, deviceManufacturer=samsung, deviceModel=SM-M315F, deviceName=RZ8N71N5TZB, deviceScreenDensity=420, deviceScreenSize=1080x2340, deviceUDID=RZ8N71N5TZB, fullReset=true, javascriptEnabled=true, locationContextEnabled=false, networkConnectionEnabled=true, pixelRatio=2.625, platform=LINUX, platformName=Android, platformVersion=12, statBarHeight=78, takesScreenshot=true, udid=RZ8N71N5TZB, viewportRect={left=0, top=78, width=1080, height=2053}, warnings={}, webStorageEnabled=false}
Video recording started
waiting for HomePage
driver initialized: io.appium.java_client.android.AndroidDriver, Capabilities: {app=C:\Users\Lenovo\eclipse-workspace\GeneralStoreMobile\src\test\resources\app\General-Store.apk, appActivity=com.androidsample.generalstore.SplashActivity, appPackage=com.androidsample.generalstore, automationName=UiAutomator2, chromedriverExecutable=C:\Users\Lenovo\eclipse-workspace\GeneralStoreMobile\src\test\resources\executable\chromedriver.exe, databaseEnabled=false, desired={platformName=android, app=C:\Users\Lenovo\eclipse-workspace\GeneralStoreMobile\src\test\resources\app\General-Store.apk, appActivity=com.androidsample.generalstore.SplashActivity, appPackage=com.androidsample.generalstore, automationName=UiAutomator2, chromedriverExecutable=C:\Users\Lenovo\eclipse-workspace\GeneralStoreMobile\src\test\resources\executable\chromedriver.exe, deviceName=OnePlus 9 pro, fullReset=true, udid=192.168.0.104:5555}, deviceApiLevel=33, deviceManufacturer=OnePlus, deviceModel=LE2121, deviceName=192.168.0.104:5555, deviceScreenDensity=560, deviceScreenSize=1440x3216, deviceUDID=192.168.0.104:5555, fullReset=true, javascriptEnabled=true, locationContextEnabled=false, networkConnectionEnabled=true, pixelRatio=3.5, platform=LINUX, platformName=Android, platformVersion=13, statBarHeight=128, takesScreenshot=true, udid=192.168.0.104:5555, viewportRect={left=0, top=128, width=1440, height=2960}, warnings={}, webStorageEnabled=false}
Video recording not supported for this device. Plz add or grant permission to screenrecord module in /sys/bin
waiting for HomePage
waiting for ProductPage
waiting for ProductPage
waiting for CartPage
waiting for CartPage
NATIVE_APP
WEBVIEW_com.opera.max.oem
waiting for GoogleSearchPage
NATIVE_APP
WEBVIEW_chrome
WEBVIEW_com.androidsample.generalstore
waiting for GoogleSearchPage
NATIVE_APP
NATIVE_APP
waiting for HomePage
]]></system-out>
    <system-err><![CDATA[SLF4J: Failed to load class "org.slf4j.impl.StaticLoggerBinder".
SLF4J: Defaulting to no-operation (NOP) logger implementation
SLF4J: See http://www.slf4j.org/codes.html#StaticLoggerBinder for further details.
May 29, 2023 12:48:30 AM io.appium.java_client.remote.AppiumCommandExecutor$1 lambda$0
INFO: Detected dialect: W3C
May 29, 2023 12:48:34 AM io.appium.java_client.remote.AppiumCommandExecutor$1 lambda$0
INFO: Detected dialect: W3C
]]></system-err>
  </testcase>
  <testcase name="VerifyProductPurchase[Test, Brazil, Female, PG 3, Nike SFB Jungle, General Store](1)" classname="tests.GeneralStoreTest" time="76.052">
    <system-out><![CDATA[waiting for HomePage
]]></system-out>
  </testcase>
  <testcase name="VerifyProductPurchaseFailing" classname="tests.GeneralStoreTest" time="2.303">
    <failure message="An element could not be located on the page using the given search parameters.&#10;For documentation on this error, please visit: https://www.seleniumhq.org/exceptions/no_such_element.html&#10;Build info: version: &apos;3.141.59&apos;, revision: &apos;e82be7d358&apos;, time: &apos;2018-11-14T08:17:03&apos;&#10;System info: host: &apos;DESKTOP-SRI8GR7&apos;, ip: &apos;192.168.0.110&apos;, os.name: &apos;Windows 10&apos;, os.arch: &apos;amd64&apos;, os.version: &apos;10.0&apos;, java.version: &apos;1.8.0_351&apos;&#10;Driver info: io.appium.java_client.android.AndroidDriver&#10;Capabilities {app: C:\Users\Lenovo\eclipse-wor..., appActivity: com.androidsample.generalst..., appPackage: com.androidsample.generalstore, automationName: UiAutomator2, chromedriverExecutable: C:\Users\Lenovo\eclipse-wor..., databaseEnabled: false, desired: {app: C:\Users\Lenovo\eclipse-wor..., appActivity: com.androidsample.generalst..., appPackage: com.androidsample.generalstore, automationName: UiAutomator2, chromedriverExecutable: C:\Users\Lenovo\eclipse-wor..., deviceName: OnePlus 9 pro, fullReset: true, platformName: android, udid: 192.168.0.104:5555}, deviceApiLevel: 33, deviceManufacturer: OnePlus, deviceModel: LE2121, deviceName: 192.168.0.104:5555, deviceScreenDensity: 560, deviceScreenSize: 1440x3216, deviceUDID: 192.168.0.104:5555, fullReset: true, javascriptEnabled: true, locationContextEnabled: false, networkConnectionEnabled: true, pixelRatio: 3.5, platform: LINUX, platformName: Android, platformVersion: 13, statBarHeight: 128, takesScreenshot: true, udid: 192.168.0.104:5555, viewportRect: {height: 2960, left: 0, top: 128, width: 1440}, warnings: {}, webStorageEnabled: false}&#10;Session ID: 70402cc6-5e75-47e5-84cf-f894a47c9a65&#10;*** Element info: {Using=-android uiautomator, value=new UiScrollable(new UiSelector()).scrollIntoView(new UiSelector().text(&quot;PG 3	&quot;));}" type="org.openqa.selenium.NoSuchElementException"><![CDATA[org.openqa.selenium.NoSuchElementException: 
An element could not be located on the page using the given search parameters.
For documentation on this error, please visit: https://www.seleniumhq.org/exceptions/no_such_element.html
Build info: version: '3.141.59', revision: 'e82be7d358', time: '2018-11-14T08:17:03'
System info: host: 'DESKTOP-SRI8GR7', ip: '192.168.0.110', os.name: 'Windows 10', os.arch: 'amd64', os.version: '10.0', java.version: '1.8.0_351'
Driver info: io.appium.java_client.android.AndroidDriver
Capabilities {app: C:\Users\Lenovo\eclipse-wor..., appActivity: com.androidsample.generalst..., appPackage: com.androidsample.generalstore, automationName: UiAutomator2, chromedriverExecutable: C:\Users\Lenovo\eclipse-wor..., databaseEnabled: false, desired: {app: C:\Users\Lenovo\eclipse-wor..., appActivity: com.androidsample.generalst..., appPackage: com.androidsample.generalstore, automationName: UiAutomator2, chromedriverExecutable: C:\Users\Lenovo\eclipse-wor..., deviceName: OnePlus 9 pro, fullReset: true, platformName: android, udid: 192.168.0.104:5555}, deviceApiLevel: 33, deviceManufacturer: OnePlus, deviceModel: LE2121, deviceName: 192.168.0.104:5555, deviceScreenDensity: 560, deviceScreenSize: 1440x3216, deviceUDID: 192.168.0.104:5555, fullReset: true, javascriptEnabled: true, locationContextEnabled: false, networkConnectionEnabled: true, pixelRatio: 3.5, platform: LINUX, platformName: Android, platformVersion: 13, statBarHeight: 128, takesScreenshot: true, udid: 192.168.0.104:5555, viewportRect: {height: 2960, left: 0, top: 128, width: 1440}, warnings: {}, webStorageEnabled: false}
Session ID: 70402cc6-5e75-47e5-84cf-f894a47c9a65
*** Element info: {Using=-android uiautomator, value=new UiScrollable(new UiSelector()).scrollIntoView(new UiSelector().text("PG 3	"));}
	at tests.GeneralStoreTest.VerifyProductPurchaseFailing(GeneralStoreTest.java:122)
]]></failure>
    <system-out><![CDATA[Driver stopped
Appium server already running
appUrl isC:\Users\Lenovo\eclipse-workspace\GeneralStoreMobile\src\test\resources\app\General-Store.apk
driver initialized: io.appium.java_client.android.AndroidDriver, Capabilities: {app=C:\Users\Lenovo\eclipse-workspace\GeneralStoreMobile\src\test\resources\app\General-Store.apk, appActivity=com.androidsample.generalstore.SplashActivity, appPackage=com.androidsample.generalstore, automationName=UiAutomator2, chromedriverExecutable=C:\Users\Lenovo\eclipse-workspace\GeneralStoreMobile\src\test\resources\executable\chromedriver.exe, databaseEnabled=false, desired={platformName=android, app=C:\Users\Lenovo\eclipse-workspace\GeneralStoreMobile\src\test\resources\app\General-Store.apk, appActivity=com.androidsample.generalstore.SplashActivity, appPackage=com.androidsample.generalstore, automationName=UiAutomator2, chromedriverExecutable=C:\Users\Lenovo\eclipse-workspace\GeneralStoreMobile\src\test\resources\executable\chromedriver.exe, deviceName=OnePlus 9 pro, fullReset=true, udid=192.168.0.104:5555}, deviceApiLevel=33, deviceManufacturer=OnePlus, deviceModel=LE2121, deviceName=192.168.0.104:5555, deviceScreenDensity=560, deviceScreenSize=1440x3216, deviceUDID=192.168.0.104:5555, fullReset=true, javascriptEnabled=true, locationContextEnabled=false, networkConnectionEnabled=true, pixelRatio=3.5, platform=LINUX, platformName=Android, platformVersion=13, statBarHeight=128, takesScreenshot=true, udid=192.168.0.104:5555, viewportRect={left=0, top=128, width=1440, height=2960}, warnings={}, webStorageEnabled=false}
video path: videos\Android_Samsung M31\2023-05-29_00-48-05\GeneralStoreTest\VerifyProductPurchase.mp4
Driver stopped
Video recording not supported for this device. Plz add or grant permission to screenrecord module in /sys/bin
waiting for HomePage
Appium server already running
appUrl isC:\Users\Lenovo\eclipse-workspace\GeneralStoreMobile\src\test\resources\app\General-Store.apk
waiting for ProductPage
driver initialized: io.appium.java_client.android.AndroidDriver, Capabilities: {app=C:\Users\Lenovo\eclipse-workspace\GeneralStoreMobile\src\test\resources\app\General-Store.apk, appActivity=com.androidsample.generalstore.SplashActivity, appPackage=com.androidsample.generalstore, automationName=UiAutomator2, chromedriverExecutable=C:\Users\Lenovo\eclipse-workspace\GeneralStoreMobile\src\test\resources\executable\chromedriver.exe, databaseEnabled=false, desired={platformName=android, app=C:\Users\Lenovo\eclipse-workspace\GeneralStoreMobile\src\test\resources\app\General-Store.apk, appActivity=com.androidsample.generalstore.SplashActivity, appPackage=com.androidsample.generalstore, automationName=UiAutomator2, chromedriverExecutable=C:\Users\Lenovo\eclipse-workspace\GeneralStoreMobile\src\test\resources\executable\chromedriver.exe, deviceName=Samsung M31, fullReset=true, udid=RZ8N71N5TZB}, deviceApiLevel=31, deviceManufacturer=samsung, deviceModel=SM-M315F, deviceName=RZ8N71N5TZB, deviceScreenDensity=420, deviceScreenSize=1080x2340, deviceUDID=RZ8N71N5TZB, fullReset=true, javascriptEnabled=true, locationContextEnabled=false, networkConnectionEnabled=true, pixelRatio=2.625, platform=LINUX, platformName=Android, platformVersion=12, statBarHeight=78, takesScreenshot=true, udid=RZ8N71N5TZB, viewportRect={left=0, top=78, width=1080, height=2053}, warnings={}, webStorageEnabled=false}
Video recording started
waiting for HomePage
]]></system-out>
    <system-err><![CDATA[May 29, 2023 12:50:30 AM io.appium.java_client.remote.AppiumCommandExecutor$1 lambda$0
INFO: Detected dialect: W3C
May 29, 2023 12:50:58 AM io.appium.java_client.remote.AppiumCommandExecutor$1 lambda$0
INFO: Detected dialect: W3C
]]></system-err>
  </testcase>
  <testcase name="VerifyProductPurchaseFailing" classname="tests.GeneralStoreTest" time="30.865">
    <failure message="An element could not be located on the page using the given search parameters.&#10;For documentation on this error, please visit: https://www.seleniumhq.org/exceptions/no_such_element.html&#10;Build info: version: &apos;3.141.59&apos;, revision: &apos;e82be7d358&apos;, time: &apos;2018-11-14T08:17:03&apos;&#10;System info: host: &apos;DESKTOP-SRI8GR7&apos;, ip: &apos;192.168.0.110&apos;, os.name: &apos;Windows 10&apos;, os.arch: &apos;amd64&apos;, os.version: &apos;10.0&apos;, java.version: &apos;1.8.0_351&apos;&#10;Driver info: io.appium.java_client.android.AndroidDriver&#10;Capabilities {app: C:\Users\Lenovo\eclipse-wor..., appActivity: com.androidsample.generalst..., appPackage: com.androidsample.generalstore, automationName: UiAutomator2, chromedriverExecutable: C:\Users\Lenovo\eclipse-wor..., databaseEnabled: false, desired: {app: C:\Users\Lenovo\eclipse-wor..., appActivity: com.androidsample.generalst..., appPackage: com.androidsample.generalstore, automationName: UiAutomator2, chromedriverExecutable: C:\Users\Lenovo\eclipse-wor..., deviceName: Samsung M31, fullReset: true, platformName: android, udid: RZ8N71N5TZB}, deviceApiLevel: 31, deviceManufacturer: samsung, deviceModel: SM-M315F, deviceName: RZ8N71N5TZB, deviceScreenDensity: 420, deviceScreenSize: 1080x2340, deviceUDID: RZ8N71N5TZB, fullReset: true, javascriptEnabled: true, locationContextEnabled: false, networkConnectionEnabled: true, pixelRatio: 2.625, platform: LINUX, platformName: Android, platformVersion: 12, statBarHeight: 78, takesScreenshot: true, udid: RZ8N71N5TZB, viewportRect: {height: 2053, left: 0, top: 78, width: 1080}, warnings: {}, webStorageEnabled: false}&#10;Session ID: 543883b6-2945-4647-a9ce-66c078610e36&#10;*** Element info: {Using=-android uiautomator, value=new UiScrollable(new UiSelector()).scrollIntoView(new UiSelector().text(&quot;PG 3	&quot;));}" type="org.openqa.selenium.NoSuchElementException"><![CDATA[org.openqa.selenium.NoSuchElementException: 
An element could not be located on the page using the given search parameters.
For documentation on this error, please visit: https://www.seleniumhq.org/exceptions/no_such_element.html
Build info: version: '3.141.59', revision: 'e82be7d358', time: '2018-11-14T08:17:03'
System info: host: 'DESKTOP-SRI8GR7', ip: '192.168.0.110', os.name: 'Windows 10', os.arch: 'amd64', os.version: '10.0', java.version: '1.8.0_351'
Driver info: io.appium.java_client.android.AndroidDriver
Capabilities {app: C:\Users\Lenovo\eclipse-wor..., appActivity: com.androidsample.generalst..., appPackage: com.androidsample.generalstore, automationName: UiAutomator2, chromedriverExecutable: C:\Users\Lenovo\eclipse-wor..., databaseEnabled: false, desired: {app: C:\Users\Lenovo\eclipse-wor..., appActivity: com.androidsample.generalst..., appPackage: com.androidsample.generalstore, automationName: UiAutomator2, chromedriverExecutable: C:\Users\Lenovo\eclipse-wor..., deviceName: Samsung M31, fullReset: true, platformName: android, udid: RZ8N71N5TZB}, deviceApiLevel: 31, deviceManufacturer: samsung, deviceModel: SM-M315F, deviceName: RZ8N71N5TZB, deviceScreenDensity: 420, deviceScreenSize: 1080x2340, deviceUDID: RZ8N71N5TZB, fullReset: true, javascriptEnabled: true, locationContextEnabled: false, networkConnectionEnabled: true, pixelRatio: 2.625, platform: LINUX, platformName: Android, platformVersion: 12, statBarHeight: 78, takesScreenshot: true, udid: RZ8N71N5TZB, viewportRect: {height: 2053, left: 0, top: 78, width: 1080}, warnings: {}, webStorageEnabled: false}
Session ID: 543883b6-2945-4647-a9ce-66c078610e36
*** Element info: {Using=-android uiautomator, value=new UiScrollable(new UiSelector()).scrollIntoView(new UiSelector().text("PG 3	"));}
	at tests.GeneralStoreTest.VerifyProductPurchaseFailing(GeneralStoreTest.java:122)
]]></failure>
    <system-out><![CDATA[Driver stopped
waiting for ProductPage
waiting for ProductPage
]]></system-out>
  </testcase>
</testsuite>